19:14:50 **** Build of configuration Debug for project Project2 ****
make all 
Building file: ../Project.c
Invoking: AVR Compiler
avr-gcc -Wall -g2 -gstabs -O0 -fpack-struct -fshort-enums -ffunction-sections -fdata-sections -std=gnu99 -funsigned-char -funsigned-bitfields -mmcu=atmega32 -DF_CPU=1000000UL -MMD -MP -MF"Project.d" -MT"Project.o" -c -o "Project.o" "../Project.c"
In file included from ../project.h:14,
                 from ../Project.c:7:
c:/winavr-20100110/lib/gcc/../../avr/include/util/delay.h:90:3: warning: #warning "Compiler optimizations disabled; functions from <util/delay.h> won't work as designed"
Finished building: ../Project.c
 
Building file: ../main.c
Invoking: AVR Compiler
avr-gcc -Wall -g2 -gstabs -O0 -fpack-struct -fshort-enums -ffunction-sections -fdata-sections -std=gnu99 -funsigned-char -funsigned-bitfields -mmcu=atmega32 -DF_CPU=1000000UL -MMD -MP -MF"main.d" -MT"main.o" -c -o "main.o" "../main.c"
In file included from ../seven_segment.h:14,
                 from ../main.c:7:
c:/winavr-20100110/lib/gcc/../../avr/include/util/delay.h:90:3: warning: #warning "Compiler optimizations disabled; functions from <util/delay.h> won't work as designed"
Finished building: ../main.c
 
Building file: ../seven_segment.c
Invoking: AVR Compiler
avr-gcc -Wall -g2 -gstabs -O0 -fpack-struct -fshort-enums -ffunction-sections -fdata-sections -std=gnu99 -funsigned-char -funsigned-bitfields -mmcu=atmega32 -DF_CPU=1000000UL -MMD -MP -MF"seven_segment.d" -MT"seven_segment.o" -c -o "seven_segment.o" "../seven_segment.c"
In file included from ../seven_segment.h:14,
                 from ../seven_segment.c:7:
c:/winavr-20100110/lib/gcc/../../avr/include/util/delay.h:90:3: warning: #warning "Compiler optimizations disabled; functions from <util/delay.h> won't work as designed"
Finished building: ../seven_segment.c
 
Building target: Project2.elf
Invoking: AVR C Linker
avr-gcc -Wl,-Map,Project2.map -mmcu=atmega32 -o "Project2.elf"  ./Project.o ./main.o ./seven_segment.o   
Finished building target: Project2.elf
 
Invoking: AVR Create Extended Listing
avr-objdump -h -S Project2.elf  >"Project2.lss"
Finished building: Project2.lss
 
Create Flash image (ihex format)
avr-objcopy -R .eeprom -R .fuse -R .lock -R .signature -O ihex Project2.elf  "Project2.hex"
Finished building: Project2.hex
 
Invoking: Print Size
avr-size --format=avr --mcu=atmega32 Project2.elf
AVR Memory Usage
----------------
Device: atmega32

Program:    5850 bytes (17.9% Full)
(.text + .data + .bootloader)

Data:         14 bytes (0.7% Full)
(.data + .bss + .noinit)


Finished building: sizedummy
 

19:14:50 Build Finished. 0 errors, 3 warnings. (took 769ms)

